{"/Users/lvmengmeng/Downloads/jsUnit/demo2/index.js": {"path":"/Users/lvmengmeng/Downloads/jsUnit/demo2/index.js","statementMap":{"0":{"start":{"line":1,"column":14},"end":{"line":5,"column":1}},"1":{"start":{"line":2,"column":4},"end":{"line":4,"column":13}},"2":{"start":{"line":3,"column":8},"end":{"line":3,"column":31}},"3":{"start":{"line":6,"column":21},"end":{"line":17,"column":1}},"4":{"start":{"line":7,"column":4},"end":{"line":16,"column":6}},"5":{"start":{"line":8,"column":8},"end":{"line":15,"column":9}},"6":{"start":{"line":9,"column":12},"end":{"line":12,"column":21}},"7":{"start":{"line":10,"column":28},"end":{"line":10,"column":50}},"8":{"start":{"line":11,"column":16},"end":{"line":11,"column":29}},"9":{"start":{"line":14,"column":12},"end":{"line":14,"column":22}},"10":{"start":{"line":18,"column":0},"end":{"line":21,"column":2}}},"fnMap":{"0":{"name":"(anonymous_0)","decl":{"start":{"line":1,"column":14},"end":{"line":1,"column":15}},"loc":{"start":{"line":1,"column":26},"end":{"line":5,"column":1}},"line":1},"1":{"name":"(anonymous_1)","decl":{"start":{"line":2,"column":15},"end":{"line":2,"column":16}},"loc":{"start":{"line":2,"column":21},"end":{"line":4,"column":5}},"line":2},"2":{"name":"(anonymous_2)","decl":{"start":{"line":6,"column":21},"end":{"line":6,"column":22}},"loc":{"start":{"line":6,"column":33},"end":{"line":17,"column":1}},"line":6},"3":{"name":"(anonymous_3)","decl":{"start":{"line":7,"column":23},"end":{"line":7,"column":24}},"loc":{"start":{"line":7,"column":44},"end":{"line":16,"column":5}},"line":7},"4":{"name":"(anonymous_4)","decl":{"start":{"line":9,"column":23},"end":{"line":9,"column":24}},"loc":{"start":{"line":9,"column":29},"end":{"line":12,"column":13}},"line":9}},"branchMap":{"0":{"loc":{"start":{"line":3,"column":8},"end":{"line":3,"column":30}},"type":"binary-expr","locations":[{"start":{"line":3,"column":8},"end":{"line":3,"column":16}},{"start":{"line":3,"column":20},"end":{"line":3,"column":30}}],"line":3},"1":{"loc":{"start":{"line":10,"column":28},"end":{"line":10,"column":50}},"type":"binary-expr","locations":[{"start":{"line":10,"column":28},"end":{"line":10,"column":36}},{"start":{"line":10,"column":40},"end":{"line":10,"column":50}}],"line":10}},"s":{"0":1,"1":1,"2":1,"3":1,"4":2,"5":2,"6":2,"7":2,"8":2,"9":0,"10":1},"f":{"0":1,"1":1,"2":2,"3":2,"4":2},"b":{"0":[1,1],"1":[2,2]},"_coverageSchema":"1a1c01bbd47fc00a2c39e90264f33305004495a9","hash":"dfb6c960907657b0c7619af7a716b11e7b27f148"}
}
